##9.24
1.在这里写修改完bug的日志
2.又是一个测试
3.合并了dev2分支的修改

##9.25
1.创建了远程仓库
2.与本地进行了关联（追踪）

##9.27
1.测试merge和rebase的区别
updata: remote 1
updata: remote 2
updata: local 1
updata: local 1
updata: local 2
updata: local 3
updata: local 4
updata: remote 3
updata: remote 4
updata: remote 1.1

updata: 测试小乌龟1.1
updata: local 1.1

##9.29
1.测试软回退
reset soft 1

##10.17
1.设置私钥密码
2.每次都需输入密码
3.测试启动ssh-agent管理密码
4.测试是否还需输入密码
5.上次还是需要密码，测试第二次
6.上次还是需要密码，测试第三次

##10.19
1.从git bash启动ssh-agent添加私钥后再通过code命令启动VScode可以免密

##10.20
1.测试是否还需输入密码

##10.21
1.test1：测试关闭密码后是否正常
